  Application.cpp
V:\Dev\C\Vish\src\Core\Application.cpp(69,21): warning C4244: 'initializing': conversion from 'double' to 'float', possible loss of data
V:\Dev\C\Vish\src\Core\Application.cpp(78,29): warning C4244: '=': conversion from 'double' to 'float', possible loss of data
V:\Dev\C\Vish\src\Core\Application.cpp(85,71): warning C4244: 'argument': conversion from 'T' to 'GLsizei', possible loss of data
V:\Dev\C\Vish\src\Core\Application.cpp(85,71): warning C4244:         with
V:\Dev\C\Vish\src\Core\Application.cpp(85,71): warning C4244:         [
V:\Dev\C\Vish\src\Core\Application.cpp(85,71): warning C4244:             T=float
V:\Dev\C\Vish\src\Core\Application.cpp(85,71): warning C4244:         ]
V:\Dev\C\Vish\src\Core\Application.cpp(85,44): warning C4244: 'argument': conversion from 'T' to 'GLsizei', possible loss of data
V:\Dev\C\Vish\src\Core\Application.cpp(85,44): warning C4244:         with
V:\Dev\C\Vish\src\Core\Application.cpp(85,44): warning C4244:         [
V:\Dev\C\Vish\src\Core\Application.cpp(85,44): warning C4244:             T=float
V:\Dev\C\Vish\src\Core\Application.cpp(85,44): warning C4244:         ]
V:\Dev\C\Vish\src\Core\Application.cpp(91,27): warning C4305: 'argument': truncation from 'double' to 'GLfloat'
V:\Dev\C\Vish\src\Core\Application.cpp(91,22): warning C4305: 'argument': truncation from 'double' to 'GLfloat'
V:\Dev\C\Vish\src\Core\Application.cpp(91,16): warning C4305: 'argument': truncation from 'double' to 'GLfloat'
  Cube.cpp
  main.cpp
  Generating Code...
V:\Dev\C\Vish\src\Core\Application.cpp(22,1): warning C4715: '`message_callback'::`2'::<lambda_1>::operator()': not all control paths return a value
V:\Dev\C\Vish\src\Core\Application.cpp(35,1): warning C4715: '`message_callback'::`2'::<lambda_2>::operator()': not all control paths return a value
V:\Dev\C\Vish\src\Core\Application.cpp(44,1): warning C4715: '`message_callback'::`2'::<lambda_3>::operator()': not all control paths return a value
LINK : warning LNK4098: defaultlib 'MSVCRT' conflicts with use of other libs; use /NODEFAULTLIB:library
  VISH.vcxproj -> V:\Dev\C\Vish\build\Debug\VISH.exe
